<?xml version="1.0" encoding="UTF-8"?>
<testng-results skipped="0" failed="0" ignored="0" total="0" passed="0">
  <reporter-output>
  </reporter-output>
  <suite name="com.qshore.QshoreTech.AppTest" duration-ms="0" started-at="2020-06-22T17:31:03Z" finished-at="2020-06-22T17:31:03Z">
    <groups>
    </groups>
    <test name="Command line test" duration-ms="0" started-at="2020-06-22T17:31:03Z" finished-at="2020-06-22T17:31:03Z">
    </test> <!-- Command line test -->
  </suite> <!-- com.qshore.QshoreTech.AppTest -->
</testng-results>
